app/build/intermediates/manifest_merge_blame_file/release/processReleaseMainManifest/manifest-merger-blame-release-report.txt
1<?xml version="1.0" encoding="utf-8"?>
2<manifest xmlns:android="http://schemas.android.com/apk/res/android"
3    package="com.audiopro.djmrec"
4    android:versionCode="1"
5    android:versionName="1.0.0" >
6
7    <uses-sdk
8        android:minSdkVersion="29"
9        android:targetSdkVersion="34" />
10
11    <!-- USB host mode: required to enumerate and open the UAC2 mixer as an audio input. -->
12    <uses-feature
12-->src\main\AndroidManifest.xml:5:5-86
13        android:name="android.hardware.usb.host"
13-->src\main\AndroidManifest.xml:5:19-59
14        android:required="true" />
14-->src\main\AndroidManifest.xml:5:60-83
15    <uses-feature
15-->src\main\AndroidManifest.xml:6:5-89
16        android:name="android.hardware.microphone"
16-->src\main\AndroidManifest.xml:6:19-61
17        android:required="false" />
17-->src\main\AndroidManifest.xml:6:62-86
18
19    <uses-permission android:name="android.permission.RECORD_AUDIO" />
19-->src\main\AndroidManifest.xml:8:5-71
19-->src\main\AndroidManifest.xml:8:22-68
20    <uses-permission android:name="android.permission.WAKE_LOCK" />
20-->src\main\AndroidManifest.xml:9:5-68
20-->src\main\AndroidManifest.xml:9:22-65
21    <uses-permission android:name="android.permission.FOREGROUND_SERVICE" />
21-->src\main\AndroidManifest.xml:10:5-77
21-->src\main\AndroidManifest.xml:10:22-74
22    <uses-permission android:name="android.permission.FOREGROUND_SERVICE_MICROPHONE" />
22-->src\main\AndroidManifest.xml:11:5-88
22-->src\main\AndroidManifest.xml:11:22-85
23    <!-- Android 13+ runtime notification permission for the persistent recording notification. -->
24    <uses-permission android:name="android.permission.POST_NOTIFICATIONS" />
24-->src\main\AndroidManifest.xml:13:5-77
24-->src\main\AndroidManifest.xml:13:22-74
25
26    <permission
26-->[androidx.core:core:1.13.1] AndroidManifest.xml:22:5-24:47
27        android:name="com.audiopro.djmrec.DYNAMIC_RECEIVER_NOT_EXPORTED_PERMISSION"
27-->[androidx.core:core:1.13.1] AndroidManifest.xml:23:9-81
28        android:protectionLevel="signature" />
28-->[androidx.core:core:1.13.1] AndroidManifest.xml:24:9-44
29
30    <uses-permission android:name="com.audiopro.djmrec.DYNAMIC_RECEIVER_NOT_EXPORTED_PERMISSION" />
30-->[androidx.core:core:1.13.1] AndroidManifest.xml:26:5-97
30-->[androidx.core:core:1.13.1] AndroidManifest.xml:26:22-94
31
32    <application
32-->src\main\AndroidManifest.xml:15:5-60:19
33        android:name="com.audiopro.djmrec.DjmRecApplication"
33-->src\main\AndroidManifest.xml:16:9-42
34        android:allowBackup="false"
34-->src\main\AndroidManifest.xml:17:9-36
35        android:appComponentFactory="androidx.core.app.CoreComponentFactory"
35-->[androidx.core:core:1.13.1] AndroidManifest.xml:28:18-86
36        android:extractNativeLibs="false"
37        android:hardwareAccelerated="true"
37-->src\main\AndroidManifest.xml:23:9-43
38        android:icon="@mipmap/ic_launcher"
38-->src\main\AndroidManifest.xml:18:9-43
39        android:label="@string/app_name"
39-->src\main\AndroidManifest.xml:19:9-41
40        android:roundIcon="@mipmap/ic_launcher_round"
40-->src\main\AndroidManifest.xml:20:9-54
41        android:supportsRtl="true"
41-->src\main\AndroidManifest.xml:21:9-35
42        android:theme="@style/Theme.DjmRec" >
42-->src\main\AndroidManifest.xml:22:9-44
43        <activity
43-->src\main\AndroidManifest.xml:25:9-43:20
44            android:name="com.audiopro.djmrec.MainActivity"
44-->src\main\AndroidManifest.xml:26:13-41
45            android:exported="true"
45-->src\main\AndroidManifest.xml:27:13-36
46            android:launchMode="singleTop"
46-->src\main\AndroidManifest.xml:28:13-43
47            android:screenOrientation="portrait"
47-->src\main\AndroidManifest.xml:29:13-49
48            android:theme="@style/Theme.DjmRec" >
48-->src\main\AndroidManifest.xml:30:13-48
49            <intent-filter>
49-->src\main\AndroidManifest.xml:31:13-34:29
50                <action android:name="android.intent.action.MAIN" />
50-->src\main\AndroidManifest.xml:32:17-69
50-->src\main\AndroidManifest.xml:32:25-66
51
52                <category android:name="android.intent.category.LAUNCHER" />
52-->src\main\AndroidManifest.xml:33:17-77
52-->src\main\AndroidManifest.xml:33:27-74
53            </intent-filter>
54
55            <!-- Launch (or foreground) the app automatically when the mixer is plugged in. -->
56            <intent-filter>
56-->src\main\AndroidManifest.xml:37:13-39:29
57                <action android:name="android.hardware.usb.action.USB_DEVICE_ATTACHED" />
57-->src\main\AndroidManifest.xml:38:17-90
57-->src\main\AndroidManifest.xml:38:25-87
58            </intent-filter>
59
60            <meta-data
60-->src\main\AndroidManifest.xml:40:13-42:61
61                android:name="android.hardware.usb.action.USB_DEVICE_ATTACHED"
61-->src\main\AndroidManifest.xml:41:17-79
62                android:resource="@xml/usb_device_filter" />
62-->src\main\AndroidManifest.xml:42:17-58
63        </activity>
64
65        <service
65-->src\main\AndroidManifest.xml:45:9-48:58
66            android:name="com.audiopro.djmrec.service.RecordingService"
66-->src\main\AndroidManifest.xml:46:13-53
67            android:exported="false"
67-->src\main\AndroidManifest.xml:47:13-37
68            android:foregroundServiceType="microphone" />
68-->src\main\AndroidManifest.xml:48:13-55
69
70        <provider
71            android:name="androidx.core.content.FileProvider"
71-->src\main\AndroidManifest.xml:51:13-62
72            android:authorities="com.audiopro.djmrec.fileprovider"
72-->src\main\AndroidManifest.xml:52:13-64
73            android:exported="false"
73-->src\main\AndroidManifest.xml:53:13-37
74            android:grantUriPermissions="true" >
74-->src\main\AndroidManifest.xml:54:13-47
75            <meta-data
75-->src\main\AndroidManifest.xml:55:13-57:54
76                android:name="android.support.FILE_PROVIDER_PATHS"
76-->src\main\AndroidManifest.xml:56:17-67
77                android:resource="@xml/file_paths" />
77-->src\main\AndroidManifest.xml:57:17-51
78        </provider>
79        <provider
79-->[androidx.emoji2:emoji2:1.3.0] AndroidManifest.xml:24:9-32:20
80            android:name="androidx.startup.InitializationProvider"
80-->[androidx.emoji2:emoji2:1.3.0] AndroidManifest.xml:25:13-67
81            android:authorities="com.audiopro.djmrec.androidx-startup"
81-->[androidx.emoji2:emoji2:1.3.0] AndroidManifest.xml:26:13-68
82            android:exported="false" >
82-->[androidx.emoji2:emoji2:1.3.0] AndroidManifest.xml:27:13-37
83            <meta-data
83-->[androidx.emoji2:emoji2:1.3.0] AndroidManifest.xml:29:13-31:52
84                android:name="androidx.emoji2.text.EmojiCompatInitializer"
84-->[androidx.emoji2:emoji2:1.3.0] AndroidManifest.xml:30:17-75
85                android:value="androidx.startup" />
85-->[androidx.emoji2:emoji2:1.3.0] AndroidManifest.xml:31:17-49
86            <meta-data
86-->[androidx.lifecycle:lifecycle-process:2.8.4] AndroidManifest.xml:29:13-31:52
87                android:name="androidx.lifecycle.ProcessLifecycleInitializer"
87-->[androidx.lifecycle:lifecycle-process:2.8.4] AndroidManifest.xml:30:17-78
88                android:value="androidx.startup" />
88-->[androidx.lifecycle:lifecycle-process:2.8.4] AndroidManifest.xml:31:17-49
89            <meta-data
89-->[androidx.profileinstaller:profileinstaller:1.3.1] AndroidManifest.xml:29:13-31:52
90                android:name="androidx.profileinstaller.ProfileInstallerInitializer"
90-->[androidx.profileinstaller:profileinstaller:1.3.1] AndroidManifest.xml:30:17-85
91                android:value="androidx.startup" />
91-->[androidx.profileinstaller:profileinstaller:1.3.1] AndroidManifest.xml:31:17-49
92        </provider>
93
94        <receiver
94-->[androidx.profileinstaller:profileinstaller:1.3.1] AndroidManifest.xml:34:9-52:20
95            android:name="androidx.profileinstaller.ProfileInstallReceiver"
95-->[androidx.profileinstaller:profileinstaller:1.3.1] AndroidManifest.xml:35:13-76
96            android:directBootAware="false"
96-->[androidx.profileinstaller:profileinstaller:1.3.1] AndroidManifest.xml:36:13-44
97            android:enabled="true"
97-->[androidx.profileinstaller:profileinstaller:1.3.1] AndroidManifest.xml:37:13-35
98            android:exported="true"
98-->[androidx.profileinstaller:profileinstaller:1.3.1] AndroidManifest.xml:38:13-36
99            android:permission="android.permission.DUMP" >
99-->[androidx.profileinstaller:profileinstaller:1.3.1] AndroidManifest.xml:39:13-57
100            <intent-filter>
100-->[androidx.profileinstaller:profileinstaller:1.3.1] AndroidManifest.xml:40:13-42:29
101                <action android:name="androidx.profileinstaller.action.INSTALL_PROFILE" />
101-->[androidx.profileinstaller:profileinstaller:1.3.1] AndroidManifest.xml:41:17-91
101-->[androidx.profileinstaller:profileinstaller:1.3.1] AndroidManifest.xml:41:25-88
102            </intent-filter>
103            <intent-filter>
103-->[androidx.profileinstaller:profileinstaller:1.3.1] AndroidManifest.xml:43:13-45:29
104                <action android:name="androidx.profileinstaller.action.SKIP_FILE" />
104-->[androidx.profileinstaller:profileinstaller:1.3.1] AndroidManifest.xml:44:17-85
104-->[androidx.profileinstaller:profileinstaller:1.3.1] AndroidManifest.xml:44:25-82
105            </intent-filter>
106            <intent-filter>
106-->[androidx.profileinstaller:profileinstaller:1.3.1] AndroidManifest.xml:46:13-48:29
107                <action android:name="androidx.profileinstaller.action.SAVE_PROFILE" />
107-->[androidx.profileinstaller:profileinstaller:1.3.1] AndroidManifest.xml:47:17-88
107-->[androidx.profileinstaller:profileinstaller:1.3.1] AndroidManifest.xml:47:25-85
108            </intent-filter>
109            <intent-filter>
109-->[androidx.profileinstaller:profileinstaller:1.3.1] AndroidManifest.xml:49:13-51:29
110                <action android:name="androidx.profileinstaller.action.BENCHMARK_OPERATION" />
110-->[androidx.profileinstaller:profileinstaller:1.3.1] AndroidManifest.xml:50:17-95
110-->[androidx.profileinstaller:profileinstaller:1.3.1] AndroidManifest.xml:50:25-92
111            </intent-filter>
112        </receiver>
113    </application>
114
115</manifest>